Determining if the pthread_create exist failed with the following output:
Change Dir: /media/ssd1/2021_Hyundai/Challenge_Model_wROS/AD_Challenge_DEEV_Package3_ROS_Linux_VDS/ros/ros1_ws/build/CMakeFiles/CMakeTmp

Run Build Command:"/usr/bin/make" "cmTC_14d82/fast"
/usr/bin/make -f CMakeFiles/cmTC_14d82.dir/build.make CMakeFiles/cmTC_14d82.dir/build
make[1]: Entering directory '/media/ssd1/2021_Hyundai/Challenge_Model_wROS/AD_Challenge_DEEV_Package3_ROS_Linux_VDS/ros/ros1_ws/build/CMakeFiles/CMakeTmp'
Building C object CMakeFiles/cmTC_14d82.dir/CheckSymbolExists.c.o
/usr/bin/cc    -o CMakeFiles/cmTC_14d82.dir/CheckSymbolExists.c.o   -c /media/ssd1/2021_Hyundai/Challenge_Model_wROS/AD_Challenge_DEEV_Package3_ROS_Linux_VDS/ros/ros1_ws/build/CMakeFiles/CMakeTmp/CheckSymbolExists.c
Linking C executable cmTC_14d82
/usr/bin/cmake -E cmake_link_script CMakeFiles/cmTC_14d82.dir/link.txt --verbose=1
/usr/bin/cc      -rdynamic CMakeFiles/cmTC_14d82.dir/CheckSymbolExists.c.o  -o cmTC_14d82 
CMakeFiles/cmTC_14d82.dir/CheckSymbolExists.c.o: In function `main':
CheckSymbolExists.c:(.text+0x1b): undefined reference to `pthread_create'
collect2: error: ld returned 1 exit status
CMakeFiles/cmTC_14d82.dir/build.make:97: recipe for target 'cmTC_14d82' failed
make[1]: *** [cmTC_14d82] Error 1
make[1]: Leaving directory '/media/ssd1/2021_Hyundai/Challenge_Model_wROS/AD_Challenge_DEEV_Package3_ROS_Linux_VDS/ros/ros1_ws/build/CMakeFiles/CMakeTmp'
Makefile:126: recipe for target 'cmTC_14d82/fast' failed
make: *** [cmTC_14d82/fast] Error 2

File /media/ssd1/2021_Hyundai/Challenge_Model_wROS/AD_Challenge_DEEV_Package3_ROS_Linux_VDS/ros/ros1_ws/build/CMakeFiles/CMakeTmp/CheckSymbolExists.c:
/* */
#include <pthread.h>

int main(int argc, char** argv)
{
  (void)argv;
#ifndef pthread_create
  return ((int*)(&pthread_create))[argc];
#else
  (void)argc;
  return 0;
#endif
}

Determining if the function pthread_create exists in the pthreads failed with the following output:
Change Dir: /media/ssd1/2021_Hyundai/Challenge_Model_wROS/AD_Challenge_DEEV_Package3_ROS_Linux_VDS/ros/ros1_ws/build/CMakeFiles/CMakeTmp

Run Build Command:"/usr/bin/make" "cmTC_03f46/fast"
/usr/bin/make -f CMakeFiles/cmTC_03f46.dir/build.make CMakeFiles/cmTC_03f46.dir/build
make[1]: Entering directory '/media/ssd1/2021_Hyundai/Challenge_Model_wROS/AD_Challenge_DEEV_Package3_ROS_Linux_VDS/ros/ros1_ws/build/CMakeFiles/CMakeTmp'
Building C object CMakeFiles/cmTC_03f46.dir/CheckFunctionExists.c.o
/usr/bin/cc   -DCHECK_FUNCTION_EXISTS=pthread_create   -o CMakeFiles/cmTC_03f46.dir/CheckFunctionExists.c.o   -c /usr/share/cmake-3.10/Modules/CheckFunctionExists.c
Linking C executable cmTC_03f46
/usr/bin/cmake -E cmake_link_script CMakeFiles/cmTC_03f46.dir/link.txt --verbose=1
/usr/bin/cc  -DCHECK_FUNCTION_EXISTS=pthread_create    -rdynamic CMakeFiles/cmTC_03f46.dir/CheckFunctionExists.c.o  -o cmTC_03f46 -lpthreads 
/usr/bin/ld: cannot find -lpthreads
collect2: error: ld returned 1 exit status
CMakeFiles/cmTC_03f46.dir/build.make:97: recipe for target 'cmTC_03f46' failed
make[1]: *** [cmTC_03f46] Error 1
make[1]: Leaving directory '/media/ssd1/2021_Hyundai/Challenge_Model_wROS/AD_Challenge_DEEV_Package3_ROS_Linux_VDS/ros/ros1_ws/build/CMakeFiles/CMakeTmp'
Makefile:126: recipe for target 'cmTC_03f46/fast' failed
make: *** [cmTC_03f46/fast] Error 2


